[dotenv@17.3.1] injecting env (8) from .env -- tip: ­ƒñû agentic secret storage: https://dotenvx.com/as2
[dotenv@17.3.1] injecting env (0) from .env -- tip: ÔÜÖ´©Å  suppress all logs with { quiet: true }
node : C:\Curso JS\Modulo 8
\node_modules\router\lib\ro
ute.js:228
En línea: 1 Carácter: 1
+ node server.js *>&1 | 
Out-File -Encoding utf8 
error_utf8.log
+ ~~~~~~~~~~~~~~~~~~~
    + CategoryInfo         
     : NotSpecified: (C:\  
  Curso JS\Mod...ib\rout   
 e.js:228:String) [], R    
emoteException
    + FullyQualifiedErrorI 
   d : NativeCommandError
 
        throw new 
TypeError('argument 
handler must be a 
function')
        ^

TypeError: argument 
handler must be a function
    at Route.<computed> 
[as get] (C:\Curso 
JS\Modulo 8\node_modules\ro
uter\lib\route.js:228:15)
    at Router.<computed> 
[as get] (C:\Curso 
JS\Modulo 8\node_modules\ro
uter\index.js:448:19)
    at Object.<anonymous> 
(C:\Curso JS\Modulo 8\route
s\mascota.routes.js:35:8)
    at Module._compile (nod
e:internal/modules/cjs/load
er:1804:14)
    at Object..js (node:int
ernal/modules/cjs/loader:19
36:10)
    at Module.load (node:in
ternal/modules/cjs/loader:1
525:32)
    at Module._load (node:i
nternal/modules/cjs/loader:
1327:12)
    at 
TracingChannel.traceSync (n
ode:diagnostics_channel:328
:14)
    at wrapModuleLoad (node
:internal/modules/cjs/loade
r:245:24)
    at Module.require (node
:internal/modules/cjs/loade
r:1548:12)

Node.js v24.13.1
